0 info it worked if it ends with ok
1 verbose cli [ 'node', '/usr/local/bin/npm', 'install' ]
2 info using npm@1.3.8
3 info using node@v0.10.17
4 warn package.json myBlog@0.0.1 No description
5 warn package.json myBlog@0.0.1 No repository field.
6 warn package.json myBlog@0.0.1 No README data
7 verbose readDependencies using package.json deps
8 verbose install where, deps [ '/Users/chensukesuke/Documents/dev/blog/backend',
8 verbose install   [ 'mongoose', 'express', 'markdown-js', 'formidable' ] ]
9 info preinstall myBlog@0.0.1
10 verbose readDependencies using package.json deps
11 verbose already installed skipping express@* /Users/chensukesuke/Documents/dev/blog/backend
12 verbose already installed skipping markdown-js@* /Users/chensukesuke/Documents/dev/blog/backend
13 verbose already installed skipping mongoose@* /Users/chensukesuke/Documents/dev/blog/backend
14 verbose cache add [ 'formidable@*', null ]
15 verbose cache add name=undefined spec="formidable@*" args=["formidable@*",null]
16 verbose parsed url { protocol: null,
16 verbose parsed url   slashes: null,
16 verbose parsed url   auth: null,
16 verbose parsed url   host: null,
16 verbose parsed url   port: null,
16 verbose parsed url   hostname: null,
16 verbose parsed url   hash: null,
16 verbose parsed url   search: null,
16 verbose parsed url   query: null,
16 verbose parsed url   pathname: 'formidable@*',
16 verbose parsed url   path: 'formidable@*',
16 verbose parsed url   href: 'formidable@*' }
17 verbose cache add name="formidable" spec="*" args=["formidable","*"]
18 verbose parsed url { protocol: null,
18 verbose parsed url   slashes: null,
18 verbose parsed url   auth: null,
18 verbose parsed url   host: null,
18 verbose parsed url   port: null,
18 verbose parsed url   hostname: null,
18 verbose parsed url   hash: null,
18 verbose parsed url   search: null,
18 verbose parsed url   query: null,
18 verbose parsed url   pathname: '*',
18 verbose parsed url   path: '*',
18 verbose parsed url   href: '*' }
19 verbose addNamed [ 'formidable', '*' ]
20 verbose addNamed [ null, '*' ]
21 silly lockFile 66d40f07-formidable formidable@*
22 verbose lock formidable@* /Users/chensukesuke/.npm/66d40f07-formidable.lock
23 silly addNameRange { name: 'formidable', range: '*', hasData: false }
24 verbose url raw formidable
25 verbose url resolving [ 'https://registry.npmjs.org/', './formidable' ]
26 verbose url resolved https://registry.npmjs.org/formidable
27 info trying registry request attempt 1 at 16:41:03
28 verbose etag "8JM374O38WRSF5CM0XD5K5QXS"
29 http GET https://registry.npmjs.org/formidable
30 http 304 https://registry.npmjs.org/formidable
31 silly registry.get cb [ 304,
31 silly registry.get   { server: 'CouchDB/1.3.1 (Erlang OTP/R15B03)',
31 silly registry.get     etag: '"8JM374O38WRSF5CM0XD5K5QXS"',
31 silly registry.get     date: 'Fri, 18 Oct 2013 08:41:08 GMT',
31 silly registry.get     'content-length': '0' } ]
32 verbose etag formidable from cache
33 silly addNameRange number 2 { name: 'formidable', range: '*', hasData: true }
34 silly addNameRange versions [ 'formidable',
34 silly addNameRange   [ '0.3.0',
34 silly addNameRange     '0.4.0',
34 silly addNameRange     '0.5.0',
34 silly addNameRange     '0.6.0',
34 silly addNameRange     '0.7.0',
34 silly addNameRange     '0.8.0',
34 silly addNameRange     '0.9.0',
34 silly addNameRange     '0.9.1',
34 silly addNameRange     '0.9.2',
34 silly addNameRange     '0.9.3',
34 silly addNameRange     '0.9.4',
34 silly addNameRange     '0.9.5',
34 silly addNameRange     '0.9.6',
34 silly addNameRange     '0.9.7',
34 silly addNameRange     '0.9.8',
34 silly addNameRange     '0.9.9',
34 silly addNameRange     '0.9.10',
34 silly addNameRange     '0.9.11',
34 silly addNameRange     '1.0.0',
34 silly addNameRange     '1.0.1',
34 silly addNameRange     '1.0.2',
34 silly addNameRange     '1.0.3',
34 silly addNameRange     '1.0.4',
34 silly addNameRange     '1.0.5',
34 silly addNameRange     '1.0.6',
34 silly addNameRange     '1.0.7',
34 silly addNameRange     '1.0.8',
34 silly addNameRange     '1.0.9',
34 silly addNameRange     '1.0.10',
34 silly addNameRange     '1.0.11',
34 silly addNameRange     '1.0.12',
34 silly addNameRange     '1.0.13',
34 silly addNameRange     '1.0.14' ] ]
35 verbose addNamed [ 'formidable', '1.0.14' ]
36 verbose addNamed [ '1.0.14', '1.0.14' ]
37 silly lockFile 3f08b74a-formidable-1-0-14 formidable@1.0.14
38 verbose lock formidable@1.0.14 /Users/chensukesuke/.npm/3f08b74a-formidable-1-0-14.lock
39 silly lockFile 3f08b74a-formidable-1-0-14 formidable@1.0.14
40 silly lockFile 3f08b74a-formidable-1-0-14 formidable@1.0.14
41 silly lockFile 66d40f07-formidable formidable@*
42 silly lockFile 66d40f07-formidable formidable@*
43 silly resolved [ { name: 'formidable',
43 silly resolved     description: 'A node.js module for parsing form data, especially file uploads.',
43 silly resolved     homepage: 'https://github.com/felixge/node-formidable',
43 silly resolved     version: '1.0.14',
43 silly resolved     devDependencies:
43 silly resolved      { gently: '0.8.0',
43 silly resolved        findit: '0.1.1',
43 silly resolved        hashish: '0.0.4',
43 silly resolved        urun: '~0.0.6',
43 silly resolved        utest: '0.0.3',
43 silly resolved        request: '~2.11.4' },
43 silly resolved     directories: { lib: './lib' },
43 silly resolved     main: './lib/index',
43 silly resolved     scripts: { test: 'node test/run.js', clean: 'rm test/tmp/*' },
43 silly resolved     engines: { node: '>=0.8.0' },
43 silly resolved     repository:
43 silly resolved      { type: 'git',
43 silly resolved        url: 'git://github.com/felixge/node-formidable.git' },
43 silly resolved     bugs: { url: 'http://github.com/felixge/node-formidable/issues' },
43 silly resolved     optionalDependencies: {},
43 silly resolved     readme: '# Formidable\n\n[![Build Status](https://secure.travis-ci.org/felixge/node-formidable.png?branch=master)](http://travis-ci.org/felixge/node-formidable)\n\n## Purpose\n\nA node.js module for parsing form data, especially file uploads.\n\n## Current status\n\nThis module was developed for [Transloadit](http://transloadit.com/), a service focused on uploading\nand encoding images and videos. It has been battle-tested against hundreds of GB of file uploads from\na large variety of clients and is considered production-ready.\n\n## Features\n\n* Fast (~500mb/sec), non-buffering multipart parser\n* Automatically writing file uploads to disk\n* Low memory footprint\n* Graceful error handling\n* Very high test coverage\n\n## Installation\n\nVia [npm](http://github.com/isaacs/npm):\n```\nnpm install formidable@latest\n```\nManually:\n```\ngit clone git://github.com/felixge/node-formidable.git formidable\nvim my.js\n# var formidable = require(\'./formidable\');\n```\n\nNote: Formidable requires [gently](http://github.com/felixge/node-gently) to run the unit tests, but you won\'t need it for just using the library.\n\n## Example\n\nParse an incoming file upload.\n```javascript\nvar formidable = require(\'formidable\'),\n    http = require(\'http\'),\n    util = require(\'util\');\n\nhttp.createServer(function(req, res) {\n  if (req.url == \'/upload\' && req.method.toLowerCase() == \'post\') {\n    // parse a file upload\n    var form = new formidable.IncomingForm();\n\n    form.parse(req, function(err, fields, files) {\n      res.writeHead(200, {\'content-type\': \'text/plain\'});\n      res.write(\'received upload:\\n\\n\');\n      res.end(util.inspect({fields: fields, files: files}));\n    });\n\n    return;\n  }\n\n  // show a file upload form\n  res.writeHead(200, {\'content-type\': \'text/html\'});\n  res.end(\n    \'<form action="/upload" enctype="multipart/form-data" method="post">\'+\n    \'<input type="text" name="title"><br>\'+\n    \'<input type="file" name="upload" multiple="multiple"><br>\'+\n    \'<input type="submit" value="Upload">\'+\n    \'</form>\'\n  );\n}).listen(8080);\n```\n## API\n\n### Formidable.IncomingForm\n```javascript\nvar form = new formidable.IncomingForm()\n```\nCreates a new incoming form.\n\n```javascript\nform.encoding = \'utf-8\';\n```\nSets encoding for incoming form fields.\n\n```javascript\nform.uploadDir = process.env.TMP || process.env.TMPDIR || process.env.TEMP || \'/tmp\' || process.cwd();\n```\nThe directory for placing file uploads in. You can move them later on using\n`fs.rename()`. The default directory is picked at module load time depending on\nthe first existing directory from those listed above.\n\n```javascript\nform.keepExtensions = false;\n```\nIf you want the files written to `form.uploadDir` to include the extensions of the original files, set this property to `true`.\n\n```javascript\nform.type\n```\nEither \'multipart\' or \'urlencoded\' depending on the incoming request.\n\n```javascript\nform.maxFieldsSize = 2 * 1024 * 1024;\n```\nLimits the amount of memory a field (not file) can allocate in bytes.\nIf this value is exceeded, an `\'error\'` event is emitted. The default\nsize is 2MB.\n\n```javascript\nform.maxFields = 0;\n```\nLimits the number of fields that the querystring parser will decode. Defaults\nto 0 (unlimited).\n\n```javascript\nform.hash = false;\n```\nIf you want checksums calculated for incoming files, set this to either `\'sha1\'` or `\'md5\'`.\n\n```javascript\nform.bytesReceived\n```\nThe amount of bytes received for this form so far.\n\n```javascript\nform.bytesExpected\n```\nThe expected number of bytes in this form.\n\n```javascript\nform.parse(request, [cb]);\n```\nParses an incoming node.js `request` containing form data. If `cb` is provided, all fields an files are collected and passed to the callback:\n\n\n```javascript\nform.parse(req, function(err, fields, files) {\n  // ...\n});\n\nform.onPart(part);\n```\nYou may overwrite this method if you are interested in directly accessing the multipart stream. Doing so will disable any `\'field\'` / `\'file\'` events  processing which would occur otherwise, making you fully responsible for handling the processing.\n\n```javascript\nform.onPart = function(part) {\n  part.addListener(\'data\', function() {\n    // ...\n  });\n}\n```\nIf you want to use formidable to only handle certain parts for you, you can do so:\n```javascript\nform.onPart = function(part) {\n  if (!part.filename) {\n    // let formidable handle all non-file parts\n    form.handlePart(part);\n  }\n}\n```\nCheck the code in this method for further inspiration.\n\n\n### Formidable.File\n```javascript\nfile.size = 0\n```\nThe size of the uploaded file in bytes. If the file is still being uploaded (see `\'fileBegin\'` event), this property says how many bytes of the file have been written to disk yet.\n```javascript\nfile.path = null\n```\nThe path this file is being written to. You can modify this in the `\'fileBegin\'` event in\ncase you are unhappy with the way formidable generates a temporary path for your files.\n```javascript\nfile.name = null\n```\nThe name this file had according to the uploading client.\n```javascript\nfile.type = null\n```\nThe mime type of this file, according to the uploading client.\n```javascript\nfile.lastModifiedDate = null\n```\nA date object (or `null`) containing the time this file was last written to. Mostly\nhere for compatibility with the [W3C File API Draft](http://dev.w3.org/2006/webapi/FileAPI/).\n```javascript\nfile.hash = null\n```\nIf hash calculation was set, you can read the hex digest out of this var.\n\n#### Formidable.File#toJSON()\n\n  This method returns a JSON-representation of the file, allowing you to\n  `JSON.stringify()` the file which is useful for logging and responding\n  to requests.\n\n### Events\n\n\n#### \'progress\'\n```javascript\nform.on(\'progress\', function(bytesReceived, bytesExpected) {\n});\n```\nEmitted after each incoming chunk of data that has been parsed. Can be used to roll your own progress bar.\n\n\n\n#### \'field\'\n```javascript\nform.on(\'field\', function(name, value) {\n});\n```\n\n#### \'fileBegin\'\n\nEmitted whenever a field / value pair has been received.\n```javascript\nform.on(\'fileBegin\', function(name, file) {\n});\n```\n\n#### \'file\'\n\nEmitted whenever a new file is detected in the upload stream. Use this even if\nyou want to stream the file to somewhere else while buffering the upload on\nthe file system.\n\nEmitted whenever a field / file pair has been received. `file` is an instance of `File`.\n```javascript\nform.on(\'file\', function(name, file) {\n});\n```\n\n#### \'error\'\n\nEmitted when there is an error processing the incoming form. A request that experiences an error is automatically paused, you will have to manually call `request.resume()` if you want the request to continue firing `\'data\'` events.\n```javascript\nform.on(\'error\', function(err) {\n});\n```\n\n#### \'aborted\'\n\n\nEmitted when the request was aborted by the user. Right now this can be due to a \'timeout\' or \'close\' event on the socket. In the future there will be a separate \'timeout\' event (needs a change in the node core).\n```javascript\nform.on(\'aborted\', function() {\n});\n```\n\n##### \'end\'\n```javascript\nform.on(\'end\', function() {\n});\n```\nEmitted when the entire request has been received, and all contained files have finished flushing to disk. This is a great place for you to send your response.\n\n\n\n## Changelog\n\n### v1.0.14\n\n* Add failing hash tests. (Ben Trask)\n* Enable hash calculation again (Eugene Girshov)\n* Test for immediate data events (Tim Smart)\n* Re-arrange IncomingForm#parse (Tim Smart)\n\n### v1.0.13\n\n* Only update hash if update method exists (Sven Lito)\n* According to travis v0.10 needs to go quoted (Sven Lito)\n* Bumping build node versions (Sven Lito)\n* Additional fix for empty requests (Eugene Girshov)\n* Change the default to 1000, to match the new Node behaviour. (OrangeDog)\n* Add ability to control maxKeys in the querystring parser. (OrangeDog)\n* Adjust test case to work with node 0.9.x (Eugene Girshov)\n* Update package.json (Sven Lito)\n* Path adjustment according to eb4468b (Markus Ast)\n\n### v1.0.12\n\n* Emit error on aborted connections (Eugene Girshov)\n* Add support for empty requests (Eugene Girshov)\n* Fix name/filename handling in Content-Disposition (jesperp)\n* Tolerate malformed closing boundary in multipart (Eugene Girshov)\n* Ignore preamble in multipart messages (Eugene Girshov)\n* Add support for application/json (Mike Frey, Carlos Rodriguez)\n* Add support for Base64 encoding (Elmer Bulthuis)\n* Add File#toJSON (TJ Holowaychuk)\n* Remove support for Node.js 0.4 & 0.6 (Andrew Kelley)\n* Documentation improvements (Sven Lito, Andre Azevedo)\n* Add support for application/octet-stream (Ion Lupascu, Chris Scribner)\n* Use os.tmpDir() to get tmp directory (Andrew Kelley)\n* Improve package.json (Andrew Kelley, Sven Lito)\n* Fix benchmark script (Andrew Kelley)\n* Fix scope issue in incoming_forms (Sven Lito)\n* Fix file handle leak on error (OrangeDog)\n\n### v1.0.11\n\n* Calculate checksums for incoming files (sreuter)\n* Add definition parameters to "IncomingForm" as an argument (Math-)\n\n### v1.0.10\n\n* Make parts to be proper Streams (Matt Robenolt)\n\n### v1.0.9\n\n* Emit progress when content length header parsed (Tim Koschützki)\n* Fix Readme syntax due to GitHub changes (goob)\n* Replace references to old \'sys\' module in Readme with \'util\' (Peter Sugihara)\n\n### v1.0.8\n\n* Strip potentially unsafe characters when using `keepExtensions: true`.\n* Switch to utest / urun for testing\n* Add travis build\n\n### v1.0.7\n\n* Remove file from package that was causing problems when installing on windows. (#102)\n* Fix typos in Readme (Jason Davies).\n\n### v1.0.6\n\n* Do not default to the default to the field name for file uploads where\n  filename="".\n\n### v1.0.5\n\n* Support filename="" in multipart parts\n* Explain unexpected end() errors in parser better\n\n**Note:** Starting with this version, formidable emits \'file\' events for empty\nfile input fields. Previously those were incorrectly emitted as regular file\ninput fields with value = "".\n\n### v1.0.4\n\n* Detect a good default tmp directory regardless of platform. (#88)\n\n### v1.0.3\n\n* Fix problems with utf8 characters (#84) / semicolons in filenames (#58)\n* Small performance improvements\n* New test suite and fixture system\n\n### v1.0.2\n\n* Exclude node\\_modules folder from git\n* Implement new `\'aborted\'` event\n* Fix files in example folder to work with recent node versions\n* Make gently a devDependency\n\n[See Commits](https://github.com/felixge/node-formidable/compare/v1.0.1...v1.0.2)\n\n### v1.0.1\n\n* Fix package.json to refer to proper main directory. (#68, Dean Landolt)\n\n[See Commits](https://github.com/felixge/node-formidable/compare/v1.0.0...v1.0.1)\n\n### v1.0.0\n\n* Add support for multipart boundaries that are quoted strings. (Jeff Craig)\n\nThis marks the beginning of development on version 2.0 which will include\nseveral architectural improvements.\n\n[See Commits](https://github.com/felixge/node-formidable/compare/v0.9.11...v1.0.0)\n\n### v0.9.11\n\n* Emit `\'progress\'` event when receiving data, regardless of parsing it. (Tim Koschützki)\n* Use [W3C FileAPI Draft](http://dev.w3.org/2006/webapi/FileAPI/) properties for File class\n\n**Important:** The old property names of the File class will be removed in a\nfuture release.\n\n[See Commits](https://github.com/felixge/node-formidable/compare/v0.9.10...v0.9.11)\n\n### Older releases\n\nThese releases were done before starting to maintain the above Changelog:\n\n* [v0.9.10](https://github.com/felixge/node-formidable/compare/v0.9.9...v0.9.10)\n* [v0.9.9](https://github.com/felixge/node-formidable/compare/v0.9.8...v0.9.9)\n* [v0.9.8](https://github.com/felixge/node-formidable/compare/v0.9.7...v0.9.8)\n* [v0.9.7](https://github.com/felixge/node-formidable/compare/v0.9.6...v0.9.7)\n* [v0.9.6](https://github.com/felixge/node-formidable/compare/v0.9.5...v0.9.6)\n* [v0.9.5](https://github.com/felixge/node-formidable/compare/v0.9.4...v0.9.5)\n* [v0.9.4](https://github.com/felixge/node-formidable/compare/v0.9.3...v0.9.4)\n* [v0.9.3](https://github.com/felixge/node-formidable/compare/v0.9.2...v0.9.3)\n* [v0.9.2](https://github.com/felixge/node-formidable/compare/v0.9.1...v0.9.2)\n* [v0.9.1](https://github.com/felixge/node-formidable/compare/v0.9.0...v0.9.1)\n* [v0.9.0](https://github.com/felixge/node-formidable/compare/v0.8.0...v0.9.0)\n* [v0.9.0](https://github.com/felixge/node-formidable/compare/v0.8.0...v0.9.0)\n* [v0.9.0](https://github.com/felixge/node-formidable/compare/v0.8.0...v0.9.0)\n* [v0.9.0](https://github.com/felixge/node-formidable/compare/v0.8.0...v0.9.0)\n* [v0.9.0](https://github.com/felixge/node-formidable/compare/v0.8.0...v0.9.0)\n* [v0.9.0](https://github.com/felixge/node-formidable/compare/v0.8.0...v0.9.0)\n* [v0.9.0](https://github.com/felixge/node-formidable/compare/v0.8.0...v0.9.0)\n* [v0.9.0](https://github.com/felixge/node-formidable/compare/v0.8.0...v0.9.0)\n* [v0.1.0](https://github.com/felixge/node-formidable/commits/v0.1.0)\n\n## License\n\nFormidable is licensed under the MIT license.\n\n## Ports\n\n* [multipart-parser](http://github.com/FooBarWidget/multipart-parser): a C++ parser based on formidable\n\n## Credits\n\n* [Ryan Dahl](http://twitter.com/ryah) for his work on [http-parser](http://github.com/ry/http-parser) which heavily inspired multipart_parser.js\n',
43 silly resolved     readmeFilename: 'Readme.md',
43 silly resolved     dependencies: {},
43 silly resolved     _id: 'formidable@1.0.14',
43 silly resolved     _from: 'formidable@*' } ]
44 info install formidable@1.0.14 into /Users/chensukesuke/Documents/dev/blog/backend
45 info installOne formidable@1.0.14
46 info /Users/chensukesuke/Documents/dev/blog/backend/node_modules/formidable unbuild
47 verbose tar unpack /Users/chensukesuke/.npm/formidable/1.0.14/package.tgz
48 silly lockFile c018ff50--backend-node-modules-formidable tar:///Users/chensukesuke/Documents/dev/blog/backend/node_modules/formidable
49 verbose lock tar:///Users/chensukesuke/Documents/dev/blog/backend/node_modules/formidable /Users/chensukesuke/.npm/c018ff50--backend-node-modules-formidable.lock
50 silly lockFile 6a5877ef-pm-formidable-1-0-14-package-tgz tar:///Users/chensukesuke/.npm/formidable/1.0.14/package.tgz
51 verbose lock tar:///Users/chensukesuke/.npm/formidable/1.0.14/package.tgz /Users/chensukesuke/.npm/6a5877ef-pm-formidable-1-0-14-package-tgz.lock
52 silly gunzTarPerm modes [ '755', '644' ]
53 silly gunzTarPerm extractEntry package.json
54 silly gunzTarPerm extractEntry .npmignore
55 silly gunzTarPerm extractEntry LICENSE
56 silly gunzTarPerm extractEntry index.js
57 silly gunzTarPerm extractEntry benchmark/bench-multipart-parser.js
58 silly gunzTarPerm extractEntry .travis.yml
59 silly gunzTarPerm extractEntry tool/record.js
60 silly gunzTarPerm extractEntry lib/file.js
61 silly gunzTarPerm extractEntry lib/incoming_form.js
62 silly gunzTarPerm extractEntry lib/index.js
63 silly gunzTarPerm extractEntry lib/json_parser.js
64 silly gunzTarPerm extractEntry lib/multipart_parser.js
65 silly gunzTarPerm extractEntry lib/octet_parser.js
66 silly gunzTarPerm extractEntry lib/querystring_parser.js
67 silly gunzTarPerm extractEntry Readme.md
68 silly gunzTarPerm extractEntry test/common.js
69 silly gunzTarPerm extractEntry test/run.js
70 silly gunzTarPerm extractEntry test/fixture/multipart.js
71 silly gunzTarPerm extractEntry test/fixture/file/beta-sticker-1.png
72 silly gunzTarPerm extractEntry test/fixture/file/binaryfile.tar.gz
73 silly gunzTarPerm extractEntry test/fixture/file/blank.gif
74 silly gunzTarPerm extractEntry test/fixture/file/funkyfilename.txt
75 silly gunzTarPerm extractEntry test/fixture/file/menu_separator.png
76 silly gunzTarPerm extractEntry test/fixture/file/plain.txt
77 silly gunzTarPerm extractEntry test/fixture/http/special-chars-in-filename/info.md
78 silly gunzTarPerm extractEntry test/fixture/js/encoding.js
79 silly gunzTarPerm extractEntry test/fixture/js/misc.js
80 silly gunzTarPerm extractEntry test/fixture/js/no-filename.js
81 silly gunzTarPerm extractEntry test/fixture/js/preamble.js
82 silly gunzTarPerm extractEntry test/fixture/js/special-chars-in-filename.js
83 silly gunzTarPerm extractEntry test/fixture/js/workarounds.js
84 silly gunzTarPerm extractEntry test/integration/test-fixtures.js
85 silly gunzTarPerm extractEntry test/integration/test-json.js
86 silly gunzTarPerm extractEntry test/integration/test-octet-stream.js
87 silly gunzTarPerm extractEntry test/legacy/common.js
88 silly gunzTarPerm extractEntry test/legacy/integration/test-multipart-parser.js
89 silly gunzTarPerm extractEntry test/legacy/simple/test-file.js
90 silly gunzTarPerm extractEntry test/legacy/simple/test-incoming-form.js
91 silly gunzTarPerm extractEntry test/legacy/simple/test-multipart-parser.js
92 silly gunzTarPerm extractEntry test/legacy/simple/test-querystring-parser.js
93 silly gunzTarPerm extractEntry test/legacy/system/test-multi-video-upload.js
94 silly gunzTarPerm extractEntry test/standalone/test-connection-aborted.js
95 silly gunzTarPerm extractEntry test/standalone/test-content-transfer-encoding.js
96 silly gunzTarPerm extractEntry test/standalone/test-issue-46.js
97 silly gunzTarPerm extractEntry test/tools/base64.html
98 silly gunzTarPerm extractEntry test/unit/test-file.js
99 silly gunzTarPerm extractEntry test/unit/test-incoming-form.js
100 silly gunzTarPerm extractEntry example/json.js
101 silly gunzTarPerm extractEntry example/post.js
102 silly gunzTarPerm extractEntry example/upload.js
103 silly lockFile c018ff50--backend-node-modules-formidable tar:///Users/chensukesuke/Documents/dev/blog/backend/node_modules/formidable
104 silly lockFile c018ff50--backend-node-modules-formidable tar:///Users/chensukesuke/Documents/dev/blog/backend/node_modules/formidable
105 silly lockFile 6a5877ef-pm-formidable-1-0-14-package-tgz tar:///Users/chensukesuke/.npm/formidable/1.0.14/package.tgz
106 silly lockFile 6a5877ef-pm-formidable-1-0-14-package-tgz tar:///Users/chensukesuke/.npm/formidable/1.0.14/package.tgz
107 info preinstall formidable@1.0.14
108 verbose readDependencies using package.json deps
109 verbose readDependencies using package.json deps
110 silly resolved []
111 verbose about to build /Users/chensukesuke/Documents/dev/blog/backend/node_modules/formidable
112 info build /Users/chensukesuke/Documents/dev/blog/backend/node_modules/formidable
113 verbose linkStuff [ false,
113 verbose linkStuff   false,
113 verbose linkStuff   false,
113 verbose linkStuff   '/Users/chensukesuke/Documents/dev/blog/backend/node_modules' ]
114 info linkStuff formidable@1.0.14
115 verbose linkBins formidable@1.0.14
116 verbose linkMans formidable@1.0.14
117 verbose rebuildBundles formidable@1.0.14
118 info install formidable@1.0.14
119 info postinstall formidable@1.0.14
120 info build /Users/chensukesuke/Documents/dev/blog/backend
121 verbose linkStuff [ false, false, false, '/Users/chensukesuke/Documents/dev/blog' ]
122 info linkStuff myBlog@0.0.1
123 verbose linkBins myBlog@0.0.1
124 verbose linkMans myBlog@0.0.1
125 verbose rebuildBundles myBlog@0.0.1
126 verbose rebuildBundles [ '.DS_Store',
126 verbose rebuildBundles   '.bin',
126 verbose rebuildBundles   'express',
126 verbose rebuildBundles   'formidable',
126 verbose rebuildBundles   'markdown-js',
126 verbose rebuildBundles   'mongoose',
126 verbose rebuildBundles   'node-dev',
126 verbose rebuildBundles   'socket.io' ]
127 verbose rebuild bundle /Users/chensukesuke/Documents/dev/blog/backend/node_modules/node-dev
128 info build /Users/chensukesuke/Documents/dev/blog/backend/node_modules/node-dev
129 info preinstall node-dev@2.0.2
130 verbose linkStuff [ false,
130 verbose linkStuff   false,
130 verbose linkStuff   false,
130 verbose linkStuff   '/Users/chensukesuke/Documents/dev/blog/backend/node_modules' ]
131 info linkStuff node-dev@2.0.2
132 warn prefer global node-dev@2.0.2 should be installed with -g
133 verbose linkBins node-dev@2.0.2
134 verbose link bins [ { 'node-dev': './bin/node-dev' },
134 verbose link bins   '/Users/chensukesuke/Documents/dev/blog/backend/node_modules/.bin',
134 verbose link bins   false ]
135 verbose linkMans node-dev@2.0.2
136 verbose rebuildBundles node-dev@2.0.2
137 verbose rebuildBundles [ 'chokidar', 'dateformat', 'growl' ]
138 error Error: EACCES, unlink '/Users/chensukesuke/Documents/dev/blog/backend/node_modules/.bin/node-dev'
138 error  { [Error: EACCES, unlink '/Users/chensukesuke/Documents/dev/blog/backend/node_modules/.bin/node-dev']
138 error   errno: 3,
138 error   code: 'EACCES',
138 error   path: '/Users/chensukesuke/Documents/dev/blog/backend/node_modules/.bin/node-dev' }
139 error Please try running this command again as root/Administrator.
140 error System Darwin 13.0.0
141 error command "node" "/usr/local/bin/npm" "install"
142 error cwd /Users/chensukesuke/Documents/dev/blog/backend
143 error node -v v0.10.17
144 error npm -v 1.3.8
145 error path /Users/chensukesuke/Documents/dev/blog/backend/node_modules/.bin/node-dev
146 error code EACCES
147 error errno 3
148 error stack Error: EACCES, unlink '/Users/chensukesuke/Documents/dev/blog/backend/node_modules/.bin/node-dev'
149 verbose exit [ 3, true ]
